<?xml version="1.0" encoding="UTF-8"?>
<testng-results ignored="0" total="1" passed="1" failed="0" skipped="0">
  <reporter-output>
  </reporter-output>
  <suite started-at="2018-07-30T17:57:43Z" name="Default suite" finished-at="2018-07-30T17:57:57Z" duration-ms="13889">
    <groups>
    </groups>
    <test started-at="2018-07-30T17:57:43Z" name="Default test" finished-at="2018-07-30T17:57:57Z" duration-ms="13889">
      <class name="e2e.selenium.jenkins.FacebookInitials">
        <test-method signature="loginPage()[pri:0, instance:e2e.selenium.jenkins.FacebookInitials@5403f35f]" started-at="2018-07-30T17:57:43Z" name="loginPage" finished-at="2018-07-30T17:57:57Z" duration-ms="13836" status="PASS">
          <reporter-output>
          </reporter-output>
        </test-method> <!-- loginPage -->
      </class> <!-- e2e.selenium.jenkins.FacebookInitials -->
    </test> <!-- Default test -->
  </suite> <!-- Default suite -->
</testng-results>
